app/build/intermediates/manifest_merge_blame_file/debug/manifest-merger-blame-debug-report.txt
1<?xml version="1.0" encoding="utf-8"?>
2<manifest xmlns:android="http://schemas.android.com/apk/res/android"
3    package="com.example.vsaloonapplication"
4    android:versionCode="1"
5    android:versionName="1.0" >
6
7    <uses-sdk
8        android:minSdkVersion="15"
8-->src\main\AndroidManifest.xml
9        android:targetSdkVersion="29" />
9-->src\main\AndroidManifest.xml
10    <!--
11         The ACCESS_COARSE/FINE_LOCATION permissions are not required to use
12         Google Maps Android API v2, but you must specify either coarse or fine
13         location permissions for the 'MyLocation' functionality.
14    -->
15    <uses-permission android:name="android.permission.ACCESS_FINE_LOCATION" />
15-->src\main\AndroidManifest.xml:9:5-79
15-->src\main\AndroidManifest.xml:9:22-76
16
17    <!-- Include required permissions for Google Maps API to run. -->
18    <uses-permission android:name="android.permission.ACCESS_NETWORK_STATE" />
18-->[com.google.android.gms:play-services-maps:16.1.0] AndroidManifest.xml:23:5-79
18-->[com.google.android.gms:play-services-maps:16.1.0] AndroidManifest.xml:23:22-76
19    <uses-permission android:name="android.permission.INTERNET" />
19-->[com.google.android.gms:play-services-maps:16.1.0] AndroidManifest.xml:24:5-67
19-->[com.google.android.gms:play-services-maps:16.1.0] AndroidManifest.xml:24:22-64
20
21    <uses-feature
21-->[com.google.android.gms:play-services-maps:16.1.0] AndroidManifest.xml:26:5-28:35
22        android:glEsVersion="0x00020000"
22-->[com.google.android.gms:play-services-maps:16.1.0] AndroidManifest.xml:27:9-41
23        android:required="true" />
23-->[com.google.android.gms:play-services-maps:16.1.0] AndroidManifest.xml:28:9-32
24
25    <uses-permission android:name="android.permission.WRITE_EXTERNAL_STORAGE" />
25-->[com.daimajia.slider:library:1.1.5] AndroidManifest.xml:12:5-81
25-->[com.daimajia.slider:library:1.1.5] AndroidManifest.xml:12:22-78
26    <uses-permission android:name="android.permission.READ_EXTERNAL_STORAGE" />
27
28    <application
28-->src\main\AndroidManifest.xml:11:5-49:19
29        android:allowBackup="true"
29-->src\main\AndroidManifest.xml:12:9-35
30        android:appComponentFactory="androidx.core.app.CoreComponentFactory"
30-->[androidx.core:core:1.1.0] AndroidManifest.xml:24:18-86
31        android:debuggable="true"
32        android:icon="@mipmap/ic_launcher"
32-->src\main\AndroidManifest.xml:13:9-43
33        android:label="@string/app_name"
33-->src\main\AndroidManifest.xml:14:9-41
34        android:roundIcon="@mipmap/ic_launcher_round"
34-->src\main\AndroidManifest.xml:15:9-54
35        android:supportsRtl="true"
35-->src\main\AndroidManifest.xml:16:9-35
36        android:testOnly="true"
37        android:theme="@style/AppTheme" >
37-->src\main\AndroidManifest.xml:17:9-40
38        <activity android:name="com.example.vsaloonapplication.NotificationActivity" />
38-->src\main\AndroidManifest.xml:18:9-67
38-->src\main\AndroidManifest.xml:18:19-55
39        <activity android:name="com.example.vsaloonapplication.ThankyouActivity" />
39-->src\main\AndroidManifest.xml:19:9-54
39-->src\main\AndroidManifest.xml:19:19-51
40        <activity android:name="com.example.vsaloonapplication.PaymentActivity" />
40-->src\main\AndroidManifest.xml:20:9-53
40-->src\main\AndroidManifest.xml:20:19-50
41        <activity android:name="com.example.vsaloonapplication.BookAppointment" />
41-->src\main\AndroidManifest.xml:21:9-53
41-->src\main\AndroidManifest.xml:21:19-50
42        <activity android:name="com.example.vsaloonapplication.HomeActivity" />
42-->src\main\AndroidManifest.xml:22:9-50
42-->src\main\AndroidManifest.xml:22:19-47
43        <activity android:name="com.example.vsaloonapplication.VerificationActivity" />
43-->src\main\AndroidManifest.xml:23:9-58
43-->src\main\AndroidManifest.xml:23:19-55
44        <!--
45             The API key for Google Maps-based APIs is defined as a string resource.
46             (See the file "res/values/google_maps_api.xml").
47             Note that the API key is linked to the encryption key used to sign the APK.
48             You need a different API key for each encryption key, including the release key that is used to
49             sign the APK for publishing.
50             You can define the keys for the debug and release targets in src/debug/ and src/release/.
51        -->
52        <meta-data
52-->src\main\AndroidManifest.xml:32:9-34:55
53            android:name="com.google.android.geo.API_KEY"
53-->src\main\AndroidManifest.xml:33:13-58
54            android:value="@string/google_maps_key" />
54-->src\main\AndroidManifest.xml:34:13-52
55
56        <activity
56-->src\main\AndroidManifest.xml:36:9-38:59
57            android:name="com.example.vsaloonapplication.MapsActivity"
57-->src\main\AndroidManifest.xml:37:13-41
58            android:label="@string/title_activity_maps" />
58-->src\main\AndroidManifest.xml:38:13-56
59        <activity android:name="com.example.vsaloonapplication.ForgotPassActivity" />
59-->src\main\AndroidManifest.xml:39:9-56
59-->src\main\AndroidManifest.xml:39:19-53
60        <activity android:name="com.example.vsaloonapplication.SignupActivity" />
60-->src\main\AndroidManifest.xml:40:9-52
60-->src\main\AndroidManifest.xml:40:19-49
61        <activity android:name="com.example.vsaloonapplication.MainActivity" />
61-->src\main\AndroidManifest.xml:41:9-50
61-->src\main\AndroidManifest.xml:41:19-47
62        <activity android:name="com.example.vsaloonapplication.LoginActivity" >
62-->src\main\AndroidManifest.xml:42:9-48:20
62-->src\main\AndroidManifest.xml:42:19-48
63            <intent-filter>
63-->src\main\AndroidManifest.xml:43:13-47:29
64                <action android:name="android.intent.action.MAIN" />
64-->src\main\AndroidManifest.xml:44:17-69
64-->src\main\AndroidManifest.xml:44:25-66
65
66                <category android:name="android.intent.category.LAUNCHER" />
66-->src\main\AndroidManifest.xml:46:17-77
66-->src\main\AndroidManifest.xml:46:27-74
67            </intent-filter>
68        </activity>
69        <!-- Needs to be explicitly declared on P+ -->
70        <uses-library
70-->[com.google.android.gms:play-services-maps:16.1.0] AndroidManifest.xml:33:9-35:40
71            android:name="org.apache.http.legacy"
71-->[com.google.android.gms:play-services-maps:16.1.0] AndroidManifest.xml:34:13-50
72            android:required="false" />
72-->[com.google.android.gms:play-services-maps:16.1.0] AndroidManifest.xml:35:13-37
73
74        <activity
74-->[com.google.android.gms:play-services-base:16.0.1] AndroidManifest.xml:23:9-26:75
75            android:name="com.google.android.gms.common.api.GoogleApiActivity"
75-->[com.google.android.gms:play-services-base:16.0.1] AndroidManifest.xml:24:13-79
76            android:exported="false"
76-->[com.google.android.gms:play-services-base:16.0.1] AndroidManifest.xml:25:13-37
77            android:theme="@android:style/Theme.Translucent.NoTitleBar" />
77-->[com.google.android.gms:play-services-base:16.0.1] AndroidManifest.xml:26:13-72
78
79        <meta-data
79-->[com.google.android.gms:play-services-basement:16.0.1] AndroidManifest.xml:23:9-25:69
80            android:name="com.google.android.gms.version"
80-->[com.google.android.gms:play-services-basement:16.0.1] AndroidManifest.xml:24:13-58
81            android:value="@integer/google_play_services_version" />
81-->[com.google.android.gms:play-services-basement:16.0.1] AndroidManifest.xml:25:13-66
82    </application>
83
84</manifest>